#
# There is insufficient memory for the Java Runtime Environment to continue.
# Native memory allocation (malloc) failed to allocate 2019536 bytes for Chunk::new
# Possible reasons:
#   The system is out of physical RAM or swap space
#   The process is running with CompressedOops enabled, and the Java Heap may be blocking the growth of the native heap
# Possible solutions:
#   Reduce memory load on the system
#   Increase physical memory or swap space
#   Check if swap backing store is full
#   Decrease Java heap size (-Xmx/-Xms)
#   Decrease number of Java threads
#   Decrease Java thread stack sizes (-Xss)
#   Set larger code cache with -XX:ReservedCodeCacheSize=
#   JVM is running with Zero Based Compressed Oops mode in which the Java heap is
#     placed in the first 32GB address space. The Java Heap base address is the
#     maximum limit for the native heap growth. Please use -XX:HeapBaseMinAddress
#     to set the Java Heap base and to place the Java Heap above 32GB virtual address.
# This output file may be truncated or incomplete.
#
#  Out of Memory Error (arena.cpp:168), pid=3732, tid=1796
#
# JRE version: Java(TM) SE Runtime Environment (21.0.7+8) (build 21.0.7+8-LTS-245)
# Java VM: Java HotSpot(TM) 64-Bit Server VM (21.0.7+8-LTS-245, mixed mode, sharing, tiered, compressed oops, compressed class ptrs, g1 gc, windows-amd64)
# No core dump will be written. Minidumps are not enabled by default on client versions of Windows
#

---------------  S U M M A R Y ------------

Command Line: -XX:MaxMetaspaceSize=4G -XX:ReservedCodeCacheSize=512m -XX:+HeapDumpOnOutOfMemoryError --add-opens=java.base/java.util=ALL-UNNAMED --add-opens=java.base/java.lang=ALL-UNNAMED --add-opens=java.base/java.lang.invoke=ALL-UNNAMED --add-opens=java.prefs/java.util.prefs=ALL-UNNAMED --add-exports=jdk.compiler/com.sun.tools.javac.api=ALL-UNNAMED --add-exports=jdk.compiler/com.sun.tools.javac.util=ALL-UNNAMED --add-opens=java.base/java.nio.charset=ALL-UNNAMED --add-opens=java.base/java.net=ALL-UNNAMED --add-opens=java.base/java.util.concurrent.atomic=ALL-UNNAMED -Xmx8G -Dfile.encoding=UTF-8 -Duser.country=IN -Duser.language=en -Duser.variant -javaagent:C:\Users\Dell\.gradle\wrapper\dists\gradle-8.10.2-all\7iv73wktx1xtkvlq19urqw1wm\gradle-8.10.2\lib\agents\gradle-instrumentation-agent-8.10.2.jar org.gradle.launcher.daemon.bootstrap.GradleDaemon 8.10.2

Host: 11th Gen Intel(R) Core(TM) i3-1115G4 @ 3.00GHz, 4 cores, 7G,  Windows 11 , 64 bit Build 26100 (10.0.26100.7920)
Time: Sun Mar 15 14:26:41 2026 India Standard Time elapsed time: 26.205520 seconds (0d 0h 0m 26s)

---------------  T H R E A D  ---------------

Current thread (0x0000026350aee7a0):  JavaThread "C2 CompilerThread0" daemon [_thread_in_native, id=1796, stack(0x00000099fe100000,0x00000099fe200000) (1024K)]


Current CompileTask:
C2:  26205 10572   !   4       java.net.URLClassLoader::findClass (47 bytes)

Stack: [0x00000099fe100000,0x00000099fe200000]
Native frames: (J=compiled Java code, j=interpreted, Vv=VM code, C=native code)
V  [jvm.dll+0x6cae19]
V  [jvm.dll+0x855741]
V  [jvm.dll+0x857c6e]
V  [jvm.dll+0x858343]
V  [jvm.dll+0x27e0b6]
V  [jvm.dll+0xc4ecd]
V  [jvm.dll+0xc5403]
V  [jvm.dll+0x3b5752]
V  [jvm.dll+0x381e25]
V  [jvm.dll+0x38129a]
V  [jvm.dll+0x246b30]
V  [jvm.dll+0x24610f]
V  [jvm.dll+0x1c6efe]
V  [jvm.dll+0x255819]
V  [jvm.dll+0x253daa]
V  [jvm.dll+0x3eebb6]
V  [jvm.dll+0x7ffa1b]
V  [jvm.dll+0x6c94fd]
C  [ucrtbase.dll+0x37b0]
C  [KERNEL32.DLL+0x2e8d7]
C  [ntdll.dll+0x8c48c]


---------------  P R O C E S S  ---------------

Threads class SMR info:
_java_thread_list=0x000002639ad015b0, length=72, elements={
0x000002631a06b070, 0x0000026350ad0b00, 0x0000026350ad20c0, 0x0000026350ad4fd0,
0x0000026350ad5d80, 0x0000026350adc2d0, 0x0000026350ae4ad0, 0x0000026350aee7a0,
0x0000026350af09c0, 0x0000026350ae3090, 0x0000026350ae4440, 0x0000026350ae1650,
0x0000026350ae2a00, 0x0000026350ae1ce0, 0x0000026350ae3720, 0x0000026350ae2370,
0x0000026350ae3db0, 0x00000263979fc740, 0x00000263979fba20, 0x00000263979fc0b0,
0x00000263979fcdd0, 0x00000263979fa670, 0x00000263979f9950, 0x00000263979f9fe0,
0x00000263979fd460, 0x00000263979fdaf0, 0x00000263979fe180, 0x00000263979fad00,
0x00000263979fe810, 0x00000263979fb390, 0x0000026397a00250, 0x00000263979feea0,
0x0000026397a00f70, 0x00000263979ff530, 0x000002639b95fd10, 0x000002639b95eff0,
0x000002639b960a30, 0x000002639b95e960, 0x000002639b95e2d0, 0x000002639b95f680,
0x000002639b95d5b0, 0x000002639b9603a0, 0x000002639b9610c0, 0x000002639b95dc40,
0x000002639b962b00, 0x000002639b964540, 0x000002639b961750, 0x000002639b964bd0,
0x000002639b961de0, 0x000002639b962470, 0x000002639b963190, 0x000002639b963820,
0x000002639a0be200, 0x000002639a0bef20, 0x000002639a0bf5b0, 0x000002639a0bfc40,
0x000002639a0be890, 0x000002639a0c02d0, 0x000002639a0c0960, 0x000002639a0bd4e0,
0x000002639a0c0ff0, 0x000002639a0bdb70, 0x000002639a0c4470, 0x000002639a0c23a0,
0x000002639a0c2a30, 0x000002639a0c30c0, 0x000002639a0c4b00, 0x000002639a0c3750,
0x000002639a0c3de0, 0x000002639a0c1680, 0x000002639a27bc00, 0x000002639a27c290
}

Java Threads: ( => current thread )
  0x000002631a06b070 JavaThread "main"                              [_thread_blocked, id=15196, stack(0x00000099fd300000,0x00000099fd400000) (1024K)]
  0x0000026350ad0b00 JavaThread "Reference Handler"          daemon [_thread_blocked, id=13920, stack(0x00000099fdb00000,0x00000099fdc00000) (1024K)]
  0x0000026350ad20c0 JavaThread "Finalizer"                  daemon [_thread_blocked, id=6468, stack(0x00000099fdc00000,0x00000099fdd00000) (1024K)]
  0x0000026350ad4fd0 JavaThread "Signal Dispatcher"          daemon [_thread_blocked, id=13648, stack(0x00000099fdd00000,0x00000099fde00000) (1024K)]
  0x0000026350ad5d80 JavaThread "Attach Listener"            daemon [_thread_blocked, id=11524, stack(0x00000099fde00000,0x00000099fdf00000) (1024K)]
  0x0000026350adc2d0 JavaThread "Service Thread"             daemon [_thread_blocked, id=17660, stack(0x00000099fdf00000,0x00000099fe000000) (1024K)]
  0x0000026350ae4ad0 JavaThread "Monitor Deflation Thread"   daemon [_thread_blocked, id=672, stack(0x00000099fe000000,0x00000099fe100000) (1024K)]
=>0x0000026350aee7a0 JavaThread "C2 CompilerThread0"         daemon [_thread_in_native, id=1796, stack(0x00000099fe100000,0x00000099fe200000) (1024K)]
  0x0000026350af09c0 JavaThread "C1 CompilerThread0"         daemon [_thread_blocked, id=3124, stack(0x00000099fe200000,0x00000099fe300000) (1024K)]
  0x0000026350ae3090 JavaThread "Common-Cleaner"             daemon [_thread_blocked, id=7488, stack(0x00000099fe300000,0x00000099fe400000) (1024K)]
  0x0000026350ae4440 JavaThread "Notification Thread"        daemon [_thread_blocked, id=7228, stack(0x00000099fe400000,0x00000099fe500000) (1024K)]
  0x0000026350ae1650 JavaThread "Daemon health stats"               [_thread_blocked, id=14764, stack(0x00000099fe700000,0x00000099fe800000) (1024K)]
  0x0000026350ae2a00 JavaThread "Incoming local TCP Connector on port 28407"        [_thread_in_native, id=17276, stack(0x00000099fe900000,0x00000099fea00000) (1024K)]
  0x0000026350ae1ce0 JavaThread "Daemon periodic checks"            [_thread_blocked, id=15780, stack(0x00000099fea00000,0x00000099feb00000) (1024K)]
  0x0000026350ae3720 JavaThread "Daemon"                            [_thread_blocked, id=6176, stack(0x00000099feb00000,0x00000099fec00000) (1024K)]
  0x0000026350ae2370 JavaThread "Handler for socket connection from /127.0.0.1:28407 to /127.0.0.1:28408"        [_thread_in_native, id=8220, stack(0x00000099fec00000,0x00000099fed00000) (1024K)]
  0x0000026350ae3db0 JavaThread "Cancel handler"                    [_thread_blocked, id=17848, stack(0x00000099fed00000,0x00000099fee00000) (1024K)]
  0x00000263979fc740 JavaThread "Daemon worker"                     [_thread_in_native, id=12904, stack(0x00000099fee00000,0x00000099fef00000) (1024K)]
  0x00000263979fba20 JavaThread "Asynchronous log dispatcher for DefaultDaemonConnection: socket connection from /127.0.0.1:28407 to /127.0.0.1:28408"        [_thread_blocked, id=16044, stack(0x00000099fef00000,0x00000099ff000000) (1024K)]
  0x00000263979fc0b0 JavaThread "Stdin handler"                     [_thread_blocked, id=6628, stack(0x00000099ff000000,0x00000099ff100000) (1024K)]
  0x00000263979fcdd0 JavaThread "Daemon client event forwarder"        [_thread_blocked, id=4508, stack(0x00000099ff100000,0x00000099ff200000) (1024K)]
  0x00000263979fa670 JavaThread "Cache worker for journal cache (C:\Users\Dell\.gradle\caches\journal-1)"        [_thread_blocked, id=8660, stack(0x00000099ff200000,0x00000099ff300000) (1024K)]
  0x00000263979f9950 JavaThread "File lock request listener"        [_thread_in_native, id=18100, stack(0x00000099ff300000,0x00000099ff400000) (1024K)]
  0x00000263979f9fe0 JavaThread "Cache worker for file hash cache (C:\Users\Dell\.gradle\caches\8.10.2\fileHashes)"        [_thread_blocked, id=8916, stack(0x00000099ff400000,0x00000099ff500000) (1024K)]
  0x00000263979fd460 JavaThread "Cache worker for file hash cache (C:\Users\Dell\Desktop\uploaded_fruitsense\integration_dd\fruitsense_mobile\android\.gradle\8.10.2\fileHashes)"        [_thread_blocked, id=10744, stack(0x00000099ff600000,0x00000099ff700000) (1024K)]
  0x00000263979fdaf0 JavaThread "Cache worker for Build Output Cleanup Cache (C:\Users\Dell\Desktop\uploaded_fruitsense\integration_dd\fruitsense_mobile\android\.gradle\buildOutputCleanup)"        [_thread_blocked, id=17776, stack(0x00000099ff700000,0x00000099ff800000) (1024K)]
  0x00000263979fe180 JavaThread "File watcher server"        daemon [_thread_in_native, id=17916, stack(0x00000099ff500000,0x00000099ff600000) (1024K)]
  0x00000263979fad00 JavaThread "File watcher consumer"      daemon [_thread_blocked, id=18244, stack(0x00000099ff800000,0x00000099ff900000) (1024K)]
  0x00000263979fe810 JavaThread "Cache worker for checksums cache (C:\Users\Dell\Desktop\uploaded_fruitsense\integration_dd\fruitsense_mobile\android\.gradle\8.10.2\checksums)"        [_thread_blocked, id=1080, stack(0x00000099ff900000,0x00000099ffa00000) (1024K)]
  0x00000263979fb390 JavaThread "Cache worker for file content cache (C:\Users\Dell\.gradle\caches\8.10.2\fileContent)"        [_thread_blocked, id=18728, stack(0x00000099ffa00000,0x00000099ffb00000) (1024K)]
  0x0000026397a00250 JavaThread "Cache worker for cache directory md-rule (C:\Users\Dell\.gradle\caches\8.10.2\md-rule)"        [_thread_blocked, id=5740, stack(0x00000099ffb00000,0x00000099ffc00000) (1024K)]
  0x00000263979feea0 JavaThread "Cache worker for cache directory md-supplier (C:\Users\Dell\.gradle\caches\8.10.2\md-supplier)"        [_thread_blocked, id=15244, stack(0x00000099ffc00000,0x00000099ffd00000) (1024K)]
  0x0000026397a00f70 JavaThread "Cache worker for Build Output Cleanup Cache (C:\flutter\flutter\packages\flutter_tools\gradle\.gradle\buildOutputCleanup)"        [_thread_blocked, id=3492, stack(0x00000099ffe00000,0x00000099fff00000) (1024K)]
  0x00000263979ff530 JavaThread "Unconstrained build operations"        [_thread_blocked, id=16664, stack(0x00000099fff00000,0x0000009a00000000) (1024K)]
  0x000002639b95fd10 JavaThread "Unconstrained build operations Thread 2"        [_thread_blocked, id=11300, stack(0x0000009980000000,0x0000009980100000) (1024K)]
  0x000002639b95eff0 JavaThread "Unconstrained build operations Thread 3"        [_thread_blocked, id=3416, stack(0x0000009980100000,0x0000009980200000) (1024K)]
  0x000002639b960a30 JavaThread "Unconstrained build operations Thread 4"        [_thread_blocked, id=13148, stack(0x0000009980200000,0x0000009980300000) (1024K)]
  0x000002639b95e960 JavaThread "Unconstrained build operations Thread 5"        [_thread_blocked, id=8968, stack(0x0000009980300000,0x0000009980400000) (1024K)]
  0x000002639b95e2d0 JavaThread "Unconstrained build operations Thread 6"        [_thread_blocked, id=3012, stack(0x0000009980400000,0x0000009980500000) (1024K)]
  0x000002639b95f680 JavaThread "Unconstrained build operations Thread 7"        [_thread_blocked, id=15600, stack(0x0000009980500000,0x0000009980600000) (1024K)]
  0x000002639b95d5b0 JavaThread "Unconstrained build operations Thread 8"        [_thread_blocked, id=1100, stack(0x0000009980600000,0x0000009980700000) (1024K)]
  0x000002639b9603a0 JavaThread "Unconstrained build operations Thread 9"        [_thread_blocked, id=7024, stack(0x0000009980700000,0x0000009980800000) (1024K)]
  0x000002639b9610c0 JavaThread "Memory manager"                    [_thread_blocked, id=18400, stack(0x0000009980800000,0x0000009980900000) (1024K)]
  0x000002639b95dc40 JavaThread "build event listener"              [_thread_blocked, id=13576, stack(0x0000009980900000,0x0000009980a00000) (1024K)]
  0x000002639b962b00 JavaThread "included builds"                   [_thread_blocked, id=2268, stack(0x0000009980b00000,0x0000009980c00000) (1024K)]
  0x000002639b964540 JavaThread "Execution worker"                  [_thread_blocked, id=6960, stack(0x0000009980c00000,0x0000009980d00000) (1024K)]
  0x000002639b961750 JavaThread "Execution worker Thread 2"         [_thread_blocked, id=9468, stack(0x0000009980d00000,0x0000009980e00000) (1024K)]
  0x000002639b964bd0 JavaThread "Execution worker Thread 3"         [_thread_blocked, id=17740, stack(0x0000009980e00000,0x0000009980f00000) (1024K)]
  0x000002639b961de0 JavaThread "Cache worker for execution history cache (C:\flutter\flutter\packages\flutter_tools\gradle\.gradle\8.10.2\executionHistory)"        [_thread_blocked, id=7788, stack(0x0000009980a00000,0x0000009980b00000) (1024K)]
  0x000002639b962470 JavaThread "Unconstrained build operations Thread 10"        [_thread_blocked, id=17708, stack(0x0000009980f00000,0x0000009981000000) (1024K)]
  0x000002639b963190 JavaThread "Unconstrained build operations Thread 11"        [_thread_blocked, id=6852, stack(0x0000009981000000,0x0000009981100000) (1024K)]
  0x000002639b963820 JavaThread "Unconstrained build operations Thread 12"        [_thread_blocked, id=12532, stack(0x0000009981100000,0x0000009981200000) (1024K)]
  0x000002639a0be200 JavaThread "Unconstrained build operations Thread 13"        [_thread_blocked, id=4352, stack(0x0000009981200000,0x0000009981300000) (1024K)]
  0x000002639a0bef20 JavaThread "Unconstrained build operations Thread 14"        [_thread_blocked, id=13680, stack(0x0000009981300000,0x0000009981400000) (1024K)]
  0x000002639a0bf5b0 JavaThread "Unconstrained build operations Thread 15"        [_thread_blocked, id=8480, stack(0x0000009981400000,0x0000009981500000) (1024K)]
  0x000002639a0bfc40 JavaThread "Unconstrained build operations Thread 16"        [_thread_blocked, id=13960, stack(0x0000009981500000,0x0000009981600000) (1024K)]
  0x000002639a0be890 JavaThread "Unconstrained build operations Thread 17"        [_thread_blocked, id=18780, stack(0x0000009981600000,0x0000009981700000) (1024K)]
  0x000002639a0c02d0 JavaThread "Unconstrained build operations Thread 18"        [_thread_blocked, id=11408, stack(0x0000009981700000,0x0000009981800000) (1024K)]
  0x000002639a0c0960 JavaThread "Unconstrained build operations Thread 19"        [_thread_blocked, id=14272, stack(0x0000009981800000,0x0000009981900000) (1024K)]
  0x000002639a0bd4e0 JavaThread "Unconstrained build operations Thread 20"        [_thread_blocked, id=14356, stack(0x0000009981900000,0x0000009981a00000) (1024K)]
  0x000002639a0c0ff0 JavaThread "Unconstrained build operations Thread 21"        [_thread_blocked, id=16368, stack(0x0000009981a00000,0x0000009981b00000) (1024K)]
  0x000002639a0bdb70 JavaThread "Unconstrained build operations Thread 22"        [_thread_blocked, id=3976, stack(0x0000009981b00000,0x0000009981c00000) (1024K)]
  0x000002639a0c4470 JavaThread "Unconstrained build operations Thread 23"        [_thread_blocked, id=17392, stack(0x0000009981c00000,0x0000009981d00000) (1024K)]
  0x000002639a0c23a0 JavaThread "Unconstrained build operations Thread 24"        [_thread_blocked, id=936, stack(0x0000009981d00000,0x0000009981e00000) (1024K)]
  0x000002639a0c2a30 JavaThread "Unconstrained build operations Thread 25"        [_thread_blocked, id=17668, stack(0x0000009981e00000,0x0000009981f00000) (1024K)]
  0x000002639a0c30c0 JavaThread "Unconstrained build operations Thread 26"        [_thread_blocked, id=14368, stack(0x0000009981f00000,0x0000009982000000) (1024K)]
  0x000002639a0c4b00 JavaThread "Unconstrained build operations Thread 27"        [_thread_blocked, id=6680, stack(0x0000009982000000,0x0000009982100000) (1024K)]
  0x000002639a0c3750 JavaThread "Unconstrained build operations Thread 28"        [_thread_blocked, id=13896, stack(0x0000009982200000,0x0000009982300000) (1024K)]
  0x000002639a0c3de0 JavaThread "Unconstrained build operations Thread 29"        [_thread_blocked, id=6328, stack(0x0000009982300000,0x0000009982400000) (1024K)]
  0x000002639a0c1680 JavaThread "Unconstrained build operations Thread 30"        [_thread_blocked, id=16196, stack(0x0000009982400000,0x0000009982500000) (1024K)]
  0x000002639a27bc00 JavaThread "jar transforms"                    [_thread_blocked, id=6076, stack(0x0000009982100000,0x0000009982200000) (1024K)]
  0x000002639a27c290 JavaThread "jar transforms Thread 2"           [_thread_blocked, id=10972, stack(0x0000009982500000,0x0000009982600000) (1024K)]
Total: 72

Other Threads:
  0x0000026350ab2210 VMThread "VM Thread"                           [id=12084, stack(0x00000099fda00000,0x00000099fdb00000) (1024K)]
  0x0000026350aa1960 WatcherThread "VM Periodic Task Thread"        [id=11668, stack(0x00000099fd900000,0x00000099fda00000) (1024K)]
  0x000002631c2f5dd0 WorkerThread "GC Thread#0"                     [id=13788, stack(0x00000099fd400000,0x00000099fd500000) (1024K)]
  0x00000263961e9a80 WorkerThread "GC Thread#1"                     [id=7888, stack(0x00000099fe500000,0x00000099fe600000) (1024K)]
  0x00000263963abbe0 WorkerThread "GC Thread#2"                     [id=13964, stack(0x00000099fe600000,0x00000099fe700000) (1024K)]
  0x00000263966bb860 WorkerThread "GC Thread#3"                     [id=12784, stack(0x00000099fe800000,0x00000099fe900000) (1024K)]
  0x000002631c307fe0 ConcurrentGCThread "G1 Main Marker"            [id=9136, stack(0x00000099fd500000,0x00000099fd600000) (1024K)]
  0x000002631c30a410 WorkerThread "G1 Conc#0"                       [id=15356, stack(0x00000099fd600000,0x00000099fd700000) (1024K)]
  0x0000026350971c80 ConcurrentGCThread "G1 Refine#0"               [id=18544, stack(0x00000099fd700000,0x00000099fd800000) (1024K)]
  0x00000263509744b0 ConcurrentGCThread "G1 Service"                [id=7192, stack(0x00000099fd800000,0x00000099fd900000) (1024K)]
Total: 10

Threads with active compile tasks:
C2 CompilerThread0    26243 10572   !   4       java.net.URLClassLoader::findClass (47 bytes)
Total: 1

VM state: not at safepoint (normal execution)

VM Mutex/Monitor currently owned by a thread: None

Heap address: 0x0000000600000000, size: 8192 MB, Compressed Oops mode: Zero based, Oop shift amount: 3

CDS archive(s) mapped at: [0x0000026351000000-0x0000026351c90000-0x0000026351c90000), size 13172736, SharedBaseAddress: 0x0000026351000000, ArchiveRelocationMode: 1.
Compressed class space mapped at: 0x0000026352000000-0x0000026392000000, reserved size: 1073741824
Narrow klass base: 0x0000026351000000, Narrow klass shift: 0, Narrow klass range: 0x100000000

GC Precious Log:
 CardTable entry size: 512
 Card Set container configuration: InlinePtr #cards 4 size 8 Array Of Cards #cards 32 size 80 Howl #buckets 8 coarsen threshold 7372 Howl Bitmap #cards 1024 size 144 coarsen threshold 921 Card regions per heap region 1 cards per card region 8192
 CPUs: 4 total, 4 available
 Memory: 7914M
 Large Page Support: Disabled
 NUMA Support: Disabled
 Compressed Oops: Enabled (Zero based)
 Heap Region Size: 4M
 Heap Min Capacity: 8M
 Heap Initial Capacity: 124M
 Heap Max Capacity: 8G
 Pre-touch: Disabled
 Parallel Workers: 4
 Concurrent Workers: 1
 Concurrent Refinement Workers: 4
 Periodic GC: Disabled

Heap:
 garbage-first heap   total 159744K, used 99466K [0x0000000600000000, 0x0000000800000000)
  region size 4096K, 2 young (8192K), 1 survivors (4096K)
 Metaspace       used 77341K, committed 79488K, reserved 1179648K
  class space    used 10820K, committed 11904K, reserved 1048576K

Heap Regions: E=young(eden), S=young(survivor), O=old, HS=humongous(starts), HC=humongous(continues), CS=collection set, F=free, TAMS=top-at-mark-start, PB=parsable bottom
|   0|0x0000000600000000, 0x0000000600400000, 0x0000000600400000|100%|HS|  |TAMS 0x0000000600400000| PB 0x0000000600000000| Complete 
|   1|0x0000000600400000, 0x0000000600800000, 0x0000000600800000|100%| O|  |TAMS 0x0000000600800000| PB 0x0000000600400000| Untracked 
|   2|0x0000000600800000, 0x0000000600c00000, 0x0000000600c00000|100%| O|  |TAMS 0x0000000600c00000| PB 0x0000000600800000| Untracked 
|   3|0x0000000600c00000, 0x0000000601000000, 0x0000000601000000|100%| O|  |TAMS 0x0000000601000000| PB 0x0000000600c00000| Untracked 
|   4|0x0000000601000000, 0x0000000601400000, 0x0000000601400000|100%| O|  |TAMS 0x0000000601400000| PB 0x0000000601000000| Untracked 
|   5|0x0000000601400000, 0x0000000601800000, 0x0000000601800000|100%| O|  |TAMS 0x0000000601800000| PB 0x0000000601400000| Untracked 
|   6|0x0000000601800000, 0x0000000601c00000, 0x0000000601c00000|100%| O|  |TAMS 0x0000000601800000| PB 0x0000000601800000| Untracked 
|   7|0x0000000601c00000, 0x0000000602000000, 0x0000000602000000|100%| O|  |TAMS 0x0000000602000000| PB 0x0000000601c00000| Untracked 
|   8|0x0000000602000000, 0x0000000602400000, 0x0000000602400000|100%| O|  |TAMS 0x0000000602400000| PB 0x0000000602000000| Untracked 
|   9|0x0000000602400000, 0x0000000602800000, 0x0000000602800000|100%| O|  |TAMS 0x0000000602800000| PB 0x0000000602400000| Untracked 
|  10|0x0000000602800000, 0x0000000602c00000, 0x0000000602c00000|100%| O|  |TAMS 0x0000000602c00000| PB 0x0000000602800000| Untracked 
|  11|0x0000000602c00000, 0x0000000603000000, 0x0000000603000000|100%|HS|  |TAMS 0x0000000603000000| PB 0x0000000602c00000| Complete 
|  12|0x0000000603000000, 0x0000000603400000, 0x0000000603400000|100%|HS|  |TAMS 0x0000000603400000| PB 0x0000000603000000| Complete 
|  13|0x0000000603400000, 0x0000000603800000, 0x0000000603800000|100%|HS|  |TAMS 0x0000000603800000| PB 0x0000000603400000| Complete 
|  14|0x0000000603800000, 0x0000000603c00000, 0x0000000603c00000|100%| O|  |TAMS 0x0000000603c00000| PB 0x0000000603800000| Untracked 
|  15|0x0000000603c00000, 0x0000000604000000, 0x0000000604000000|100%| O|  |TAMS 0x0000000604000000| PB 0x0000000603c00000| Untracked 
|  16|0x0000000604000000, 0x0000000604400000, 0x0000000604400000|100%| O|  |TAMS 0x0000000604400000| PB 0x0000000604000000| Untracked 
|  17|0x0000000604400000, 0x0000000604800000, 0x0000000604800000|100%| O|  |TAMS 0x0000000604800000| PB 0x0000000604400000| Untracked 
|  18|0x0000000604800000, 0x0000000604c00000, 0x0000000604c00000|100%| O|  |TAMS 0x0000000604c00000| PB 0x0000000604800000| Untracked 
|  19|0x0000000604c00000, 0x0000000605000000, 0x0000000605000000|100%| O|  |TAMS 0x0000000605000000| PB 0x0000000604c00000| Untracked 
|  20|0x0000000605000000, 0x0000000605400000, 0x0000000605400000|100%| O|  |TAMS 0x0000000605400000| PB 0x0000000605000000| Untracked 
|  21|0x0000000605400000, 0x0000000605800000, 0x0000000605800000|100%| O|  |TAMS 0x0000000605800000| PB 0x0000000605400000| Untracked 
|  22|0x0000000605800000, 0x0000000605c00000, 0x0000000605c00000|100%| O|  |TAMS 0x0000000605a7a3f0| PB 0x0000000605800000| Untracked 
|  23|0x0000000605c00000, 0x0000000605c00000, 0x0000000606000000|  0%| F|  |TAMS 0x0000000605c00000| PB 0x0000000605c00000| Untracked 
|  24|0x0000000606000000, 0x0000000606000000, 0x0000000606400000|  0%| F|  |TAMS 0x0000000606000000| PB 0x0000000606000000| Untracked 
|  25|0x0000000606400000, 0x000000060665f840, 0x0000000606800000| 59%| O|  |TAMS 0x0000000606400000| PB 0x0000000606400000| Untracked 
|  26|0x0000000606800000, 0x0000000606800000, 0x0000000606c00000|  0%| F|  |TAMS 0x0000000606800000| PB 0x0000000606800000| Untracked 
|  27|0x0000000606c00000, 0x0000000606c00000, 0x0000000607000000|  0%| F|  |TAMS 0x0000000606c00000| PB 0x0000000606c00000| Untracked 
|  28|0x0000000607000000, 0x00000006072c3118, 0x0000000607400000| 69%| S|CS|TAMS 0x0000000607000000| PB 0x0000000607000000| Complete 
|  29|0x0000000607400000, 0x0000000607400000, 0x0000000607800000|  0%| F|  |TAMS 0x0000000607400000| PB 0x0000000607400000| Untracked 
|  30|0x0000000607800000, 0x0000000607800000, 0x0000000607c00000|  0%| F|  |TAMS 0x0000000607800000| PB 0x0000000607800000| Untracked 
|  31|0x0000000607c00000, 0x0000000607c00000, 0x0000000608000000|  0%| F|  |TAMS 0x0000000607c00000| PB 0x0000000607c00000| Untracked 
|  32|0x0000000608000000, 0x0000000608000000, 0x0000000608400000|  0%| F|  |TAMS 0x0000000608000000| PB 0x0000000608000000| Untracked 
|  33|0x0000000608400000, 0x0000000608400000, 0x0000000608800000|  0%| F|  |TAMS 0x0000000608400000| PB 0x0000000608400000| Untracked 
|  34|0x0000000608800000, 0x0000000608800000, 0x0000000608c00000|  0%| F|  |TAMS 0x0000000608800000| PB 0x0000000608800000| Untracked 
|  35|0x0000000608c00000, 0x0000000608c00000, 0x0000000609000000|  0%| F|  |TAMS 0x0000000608c00000| PB 0x0000000608c00000| Untracked 
|  36|0x0000000609000000, 0x0000000609000000, 0x0000000609400000|  0%| F|  |TAMS 0x0000000609000000| PB 0x0000000609000000| Untracked 
|  37|0x0000000609400000, 0x0000000609400000, 0x0000000609800000|  0%| F|  |TAMS 0x0000000609400000| PB 0x0000000609400000| Untracked 
|  38|0x0000000609800000, 0x0000000609bbfa78, 0x0000000609c00000| 93%| E|  |TAMS 0x0000000609800000| PB 0x0000000609800000| Complete 

Card table byte_map: [0x00000263457f0000,0x00000263467f0000] _byte_map_base: 0x00000263427f0000

Marking Bits: (CMBitMap*) 0x000002631c2f73f0
 Bits: [0x00000263467f0000, 0x000002634e7f0000)

Polling page: 0x000002631a140000

Metaspace:

Usage:
  Non-class:     64.97 MB used.
      Class:     10.57 MB used.
       Both:     75.54 MB used.

Virtual space:
  Non-class space:      128.00 MB reserved,      66.00 MB ( 52%) committed,  2 nodes.
      Class space:        1.00 GB reserved,      11.62 MB (  1%) committed,  1 nodes.
             Both:        1.12 GB reserved,      77.62 MB (  7%) committed. 

Chunk freelists:
   Non-Class:  13.76 MB
       Class:  4.23 MB
        Both:  18.00 MB

MaxMetaspaceSize: 4.00 GB
CompressedClassSpaceSize: 1.00 GB
Initial GC threshold: 21.00 MB
Current GC threshold: 117.50 MB
CDS: on
 - commit_granule_bytes: 65536.
 - commit_granule_words: 8192.
 - virtual_space_node_default_size: 8388608.
 - enlarge_chunks_in_place: 1.
 - use_allocation_guard: 0.


Internal statistics:

num_allocs_failed_limit: 6.
num_arena_births: 3786.
num_arena_deaths: 0.
num_vsnodes_births: 3.
num_vsnodes_deaths: 0.
num_space_committed: 1242.
num_space_uncommitted: 0.
num_chunks_returned_to_freelist: 6.
num_chunks_taken_from_freelist: 7515.
num_chunk_merges: 6.
num_chunk_splits: 4820.
num_chunks_enlarged: 2888.
num_inconsistent_stats: 0.

CodeHeap 'non-profiled nmethods': size=259264Kb used=5403Kb max_used=5403Kb free=253860Kb
 bounds [0x00000263349b0000, 0x0000026334f00000, 0x00000263446e0000]
CodeHeap 'profiled nmethods': size=259264Kb used=17237Kb max_used=17237Kb free=242026Kb
 bounds [0x00000263246e0000, 0x00000263257c0000, 0x0000026334410000]
CodeHeap 'non-nmethods': size=5760Kb used=3085Kb max_used=3105Kb free=2674Kb
 bounds [0x0000026334410000, 0x0000026334730000, 0x00000263349b0000]
 total_blobs=10130 nmethods=9198 adapters=836
 compilation: enabled
              stopped_count=0, restarted_count=0
 full_count=0

Compilation events (20 events):
Event: 26.169 Thread 0x0000026350af09c0 10589       3       org.gradle.internal.instantiation.generator.AbstractClassGenerator$DslMixInPropertyType::applyTo (43 bytes)
Event: 26.169 Thread 0x0000026350af09c0 nmethod 10589 0x00000263257ab890 code [0x00000263257aba80, 0x00000263257abef0]
Event: 26.169 Thread 0x0000026350af09c0 10591       3       org.gradle.internal.instantiation.generator.AbstractClassGenerator$LazyGroovySupportTypePropertyHandler::applyTo (44 bytes)
Event: 26.169 Thread 0x0000026350af09c0 nmethod 10591 0x00000263257ac090 code [0x00000263257ac2a0, 0x00000263257ac890]
Event: 26.169 Thread 0x0000026350af09c0 10592       3       org.gradle.internal.instantiation.generator.AbstractClassGenerator$InjectAnnotationPropertyHandler::applyTo (130 bytes)
Event: 26.170 Thread 0x0000026350af09c0 nmethod 10592 0x00000263257aca90 code [0x00000263257acd60, 0x00000263257add28]
Event: 26.170 Thread 0x0000026350af09c0 10590       3       org.gradle.internal.reflect.MethodSet::iterator (10 bytes)
Event: 26.170 Thread 0x0000026350af09c0 nmethod 10590 0x00000263257ae110 code [0x00000263257ae320, 0x00000263257aea28]
Event: 26.178 Thread 0x0000026350af09c0 10593       3       org.gradle.api.internal.DefaultNamedDomainObjectCollection$UnfilteredIndex::getPending (14 bytes)
Event: 26.178 Thread 0x0000026350af09c0 nmethod 10593 0x00000263257aec90 code [0x00000263257aee40, 0x00000263257af128]
Event: 26.184 Thread 0x0000026350af09c0 10594       3       sun.reflect.generics.repository.ClassRepository::parse (8 bytes)
Event: 26.184 Thread 0x0000026350af09c0 nmethod 10594 0x00000263257af210 code [0x00000263257af3e0, 0x00000263257af7a8]
Event: 26.184 Thread 0x0000026350af09c0 10595       3       sun.reflect.generics.parser.SignatureParser::parseClassSig (10 bytes)
Event: 26.184 Thread 0x0000026350af09c0 nmethod 10595 0x00000263257af910 code [0x00000263257afac0, 0x00000263257afcc8]
Event: 26.184 Thread 0x0000026350af09c0 10596       3       sun.reflect.generics.parser.SignatureParser::parseClassSignature (37 bytes)
Event: 26.184 Thread 0x0000026350af09c0 nmethod 10596 0x00000263257afd90 code [0x00000263257aff80, 0x00000263257b0300]
Event: 26.193 Thread 0x0000026350af09c0 10597       3       java.lang.reflect.Constructor::getExceptionTypes (11 bytes)
Event: 26.193 Thread 0x0000026350af09c0 nmethod 10597 0x00000263257b0490 code [0x00000263257b0640, 0x00000263257b0910]
Event: 26.193 Thread 0x0000026350af09c0 10598       3       jdk.proxy1.$Proxy7::<init> (6 bytes)
Event: 26.194 Thread 0x0000026350af09c0 nmethod 10598 0x00000263257b0a10 code [0x00000263257b0be0, 0x00000263257b0f70]

GC Heap History (20 events):
Event: 18.056 GC heap before
{Heap before GC invocations=19 (full 0):
 garbage-first heap   total 110592K, used 96004K [0x0000000600000000, 0x0000000800000000)
  region size 4096K, 10 young (40960K), 1 survivors (4096K)
 Metaspace       used 61484K, committed 63424K, reserved 1114112K
  class space    used 8773K, committed 9728K, reserved 1048576K
}
Event: 18.066 GC heap after
{Heap after GC invocations=20 (full 0):
 garbage-first heap   total 110592K, used 60236K [0x0000000600000000, 0x0000000800000000)
  region size 4096K, 2 young (8192K), 2 survivors (8192K)
 Metaspace       used 61484K, committed 63424K, reserved 1114112K
  class space    used 8773K, committed 9728K, reserved 1048576K
}
Event: 18.639 GC heap before
{Heap before GC invocations=20 (full 0):
 garbage-first heap   total 110592K, used 88908K [0x0000000600000000, 0x0000000800000000)
  region size 4096K, 9 young (36864K), 2 survivors (8192K)
 Metaspace       used 63276K, committed 65280K, reserved 1114112K
  class space    used 9006K, committed 9984K, reserved 1048576K
}
Event: 18.646 GC heap after
{Heap after GC invocations=21 (full 0):
 garbage-first heap   total 110592K, used 61673K [0x0000000600000000, 0x0000000800000000)
  region size 4096K, 2 young (8192K), 2 survivors (8192K)
 Metaspace       used 63276K, committed 65280K, reserved 1114112K
  class space    used 9006K, committed 9984K, reserved 1048576K
}
Event: 19.309 GC heap before
{Heap before GC invocations=22 (full 0):
 garbage-first heap   total 122880K, used 86249K [0x0000000600000000, 0x0000000800000000)
  region size 4096K, 9 young (36864K), 2 survivors (8192K)
 Metaspace       used 64612K, committed 66560K, reserved 1114112K
  class space    used 9192K, committed 10176K, reserved 1048576K
}
Event: 19.318 GC heap after
{Heap after GC invocations=23 (full 0):
 garbage-first heap   total 122880K, used 65715K [0x0000000600000000, 0x0000000800000000)
  region size 4096K, 2 young (8192K), 2 survivors (8192K)
 Metaspace       used 64612K, committed 66560K, reserved 1114112K
  class space    used 9192K, committed 10176K, reserved 1048576K
}
Event: 20.504 GC heap before
{Heap before GC invocations=23 (full 0):
 garbage-first heap   total 122880K, used 102579K [0x0000000600000000, 0x0000000800000000)
  region size 4096K, 11 young (45056K), 2 survivors (8192K)
 Metaspace       used 67409K, committed 69440K, reserved 1114112K
  class space    used 9627K, committed 10688K, reserved 1048576K
}
Event: 20.514 GC heap after
{Heap after GC invocations=24 (full 0):
 garbage-first heap   total 147456K, used 68619K [0x0000000600000000, 0x0000000800000000)
  region size 4096K, 2 young (8192K), 2 survivors (8192K)
 Metaspace       used 67409K, committed 69440K, reserved 1114112K
  class space    used 9627K, committed 10688K, reserved 1048576K
}
Event: 22.447 GC heap before
{Heap before GC invocations=25 (full 0):
 garbage-first heap   total 147456K, used 117771K [0x0000000600000000, 0x0000000800000000)
  region size 4096K, 15 young (61440K), 2 survivors (8192K)
 Metaspace       used 69952K, committed 72000K, reserved 1114112K
  class space    used 10028K, committed 11072K, reserved 1048576K
}
Event: 22.461 GC heap after
{Heap after GC invocations=26 (full 0):
 garbage-first heap   total 147456K, used 72477K [0x0000000600000000, 0x0000000800000000)
  region size 4096K, 2 young (8192K), 2 survivors (8192K)
 Metaspace       used 69952K, committed 72000K, reserved 1114112K
  class space    used 10028K, committed 11072K, reserved 1048576K
}
Event: 22.948 GC heap before
{Heap before GC invocations=26 (full 0):
 garbage-first heap   total 147456K, used 125725K [0x0000000600000000, 0x0000000800000000)
  region size 4096K, 15 young (61440K), 2 survivors (8192K)
 Metaspace       used 70115K, committed 72192K, reserved 1114112K
  class space    used 10030K, committed 11072K, reserved 1048576K
}
Event: 22.962 GC heap after
{Heap after GC invocations=27 (full 0):
 garbage-first heap   total 147456K, used 73154K [0x0000000600000000, 0x0000000800000000)
  region size 4096K, 1 young (4096K), 1 survivors (4096K)
 Metaspace       used 70115K, committed 72192K, reserved 1114112K
  class space    used 10030K, committed 11072K, reserved 1048576K
}
Event: 23.322 GC heap before
{Heap before GC invocations=27 (full 0):
 garbage-first heap   total 147456K, used 126402K [0x0000000600000000, 0x0000000800000000)
  region size 4096K, 15 young (61440K), 1 survivors (4096K)
 Metaspace       used 70124K, committed 72192K, reserved 1114112K
  class space    used 10030K, committed 11072K, reserved 1048576K
}
Event: 23.329 GC heap after
{Heap after GC invocations=28 (full 0):
 garbage-first heap   total 147456K, used 74744K [0x0000000600000000, 0x0000000800000000)
  region size 4096K, 2 young (8192K), 2 survivors (8192K)
 Metaspace       used 70124K, committed 72192K, reserved 1114112K
  class space    used 10030K, committed 11072K, reserved 1048576K
}
Event: 23.960 GC heap before
{Heap before GC invocations=29 (full 0):
 garbage-first heap   total 159744K, used 123896K [0x0000000600000000, 0x0000000800000000)
  region size 4096K, 14 young (57344K), 2 survivors (8192K)
 Metaspace       used 70512K, committed 72576K, reserved 1114112K
  class space    used 10094K, committed 11136K, reserved 1048576K
}
Event: 23.970 GC heap after
{Heap after GC invocations=30 (full 0):
 garbage-first heap   total 159744K, used 89265K [0x0000000600000000, 0x0000000800000000)
  region size 4096K, 2 young (8192K), 2 survivors (8192K)
 Metaspace       used 70512K, committed 72576K, reserved 1114112K
  class space    used 10094K, committed 11136K, reserved 1048576K
}
Event: 25.204 GC heap before
{Heap before GC invocations=30 (full 0):
 garbage-first heap   total 159744K, used 134321K [0x0000000600000000, 0x0000000800000000)
  region size 4096K, 14 young (57344K), 2 survivors (8192K)
 Metaspace       used 73472K, committed 75520K, reserved 1114112K
  class space    used 10413K, committed 11456K, reserved 1048576K
}
Event: 25.220 GC heap after
{Heap after GC invocations=31 (full 0):
 garbage-first heap   total 159744K, used 96744K [0x0000000600000000, 0x0000000800000000)
  region size 4096K, 2 young (8192K), 2 survivors (8192K)
 Metaspace       used 73472K, committed 75520K, reserved 1114112K
  class space    used 10413K, committed 11456K, reserved 1048576K
}
Event: 26.145 GC heap before
{Heap before GC invocations=31 (full 0):
 garbage-first heap   total 159744K, used 133608K [0x0000000600000000, 0x0000000800000000)
  region size 4096K, 12 young (49152K), 2 survivors (8192K)
 Metaspace       used 77044K, committed 79168K, reserved 1179648K
  class space    used 10778K, committed 11840K, reserved 1048576K
}
Event: 26.152 GC heap after
{Heap after GC invocations=32 (full 0):
 garbage-first heap   total 159744K, used 99466K [0x0000000600000000, 0x0000000800000000)
  region size 4096K, 1 young (4096K), 1 survivors (4096K)
 Metaspace       used 77044K, committed 79168K, reserved 1179648K
  class space    used 10778K, committed 11840K, reserved 1048576K
}

Dll operation events (15 events):
Event: 0.029 Loaded shared library C:\Program Files\Java\jdk-21\bin\java.dll
Event: 0.083 Loaded shared library C:\Program Files\Java\jdk-21\bin\jsvml.dll
Event: 0.140 Loaded shared library C:\Program Files\Java\jdk-21\bin\zip.dll
Event: 0.147 Loaded shared library C:\Program Files\Java\jdk-21\bin\instrument.dll
Event: 0.157 Loaded shared library C:\Program Files\Java\jdk-21\bin\net.dll
Event: 0.159 Loaded shared library C:\Program Files\Java\jdk-21\bin\nio.dll
Event: 0.164 Loaded shared library C:\Program Files\Java\jdk-21\bin\zip.dll
Event: 0.538 Loaded shared library C:\Program Files\Java\jdk-21\bin\jimage.dll
Event: 0.772 Loaded shared library C:\Program Files\Java\jdk-21\bin\verify.dll
Event: 0.970 Loaded shared library C:\Users\Dell\.gradle\native\c067742578af261105cb4f569cf0c3c89f3d7b1fecec35dd04571415982c5e48\windows-amd64\native-platform.dll
Event: 0.977 Loaded shared library C:\Users\Dell\.gradle\native\100fb08df4bc3b14c8652ba06237920a3bd2aa13389f12d3474272988ae205f9\windows-amd64\native-platform-file-events.dll
Event: 2.721 Loaded shared library C:\Program Files\Java\jdk-21\bin\management.dll
Event: 2.724 Loaded shared library C:\Program Files\Java\jdk-21\bin\management_ext.dll
Event: 3.031 Loaded shared library C:\Program Files\Java\jdk-21\bin\extnet.dll
Event: 3.314 Loaded shared library C:\Program Files\Java\jdk-21\bin\sunmscapi.dll

Deoptimization events (20 events):
Event: 25.719 Thread 0x00000263979fc740 Uncommon trap: trap_request=0xffffffd6 fr.pc=0x0000026334b04704 relative=0x0000000000000444
Event: 25.719 Thread 0x00000263979fc740 Uncommon trap: reason=array_check action=maybe_recompile pc=0x0000026334b04704 method=java.util.Arrays.fill([Ljava/lang/Object;IILjava/lang/Object;)V @ 20 c2
Event: 25.719 Thread 0x00000263979fc740 DEOPT PACKING pc=0x0000026334b04704 sp=0x00000099feef4870
Event: 25.719 Thread 0x00000263979fc740 DEOPT UNPACKING pc=0x0000026334467da2 sp=0x00000099feef4838 mode 2
Event: 25.834 Thread 0x00000263979fc740 Uncommon trap: trap_request=0xffffffde fr.pc=0x0000026334c48c18 relative=0x0000000000007898
Event: 25.834 Thread 0x00000263979fc740 Uncommon trap: reason=class_check action=maybe_recompile pc=0x0000026334c48c18 method=java.util.jar.JarFile.getManifestFromReference()Ljava/util/jar/Manifest; @ 152 c2
Event: 25.834 Thread 0x00000263979fc740 DEOPT PACKING pc=0x0000026334c48c18 sp=0x00000099feef4290
Event: 25.834 Thread 0x00000263979fc740 DEOPT UNPACKING pc=0x0000026334467da2 sp=0x00000099feef3f40 mode 2
Event: 25.854 Thread 0x00000263979fc740 Uncommon trap: trap_request=0xffffff45 fr.pc=0x0000026334ade8f0 relative=0x0000000000001d90
Event: 25.854 Thread 0x00000263979fc740 Uncommon trap: reason=unstable_if action=reinterpret pc=0x0000026334ade8f0 method=java.util.zip.InflaterInputStream.read([BII)I @ 94 c2
Event: 25.854 Thread 0x00000263979fc740 DEOPT PACKING pc=0x0000026334ade8f0 sp=0x00000099feef2740
Event: 25.854 Thread 0x00000263979fc740 DEOPT UNPACKING pc=0x0000026334467da2 sp=0x00000099feef27a0 mode 2
Event: 25.874 Thread 0x00000263979fc740 Uncommon trap: trap_request=0xffffffde fr.pc=0x0000026334c2fee8 relative=0x00000000000003c8
Event: 25.874 Thread 0x00000263979fc740 Uncommon trap: reason=class_check action=maybe_recompile pc=0x0000026334c2fee8 method=java.util.stream.AbstractPipeline.copyIntoWithCancel(Ljava/util/stream/Sink;Ljava/util/Spliterator;)Z @ 32 c2
Event: 25.874 Thread 0x00000263979fc740 DEOPT PACKING pc=0x0000026334c2fee8 sp=0x00000099feef3c90
Event: 25.874 Thread 0x00000263979fc740 DEOPT UNPACKING pc=0x0000026334467da2 sp=0x00000099feef3b50 mode 2
Event: 26.152 Thread 0x0000026350ae3090 Uncommon trap: trap_request=0xffffffde fr.pc=0x0000026334bf2d68 relative=0x0000000000000508
Event: 26.152 Thread 0x0000026350ae3090 Uncommon trap: reason=class_check action=maybe_recompile pc=0x0000026334bf2d68 method=jdk.internal.ref.PhantomCleanable.clean()V @ 12 c2
Event: 26.152 Thread 0x0000026350ae3090 DEOPT PACKING pc=0x0000026334bf2d68 sp=0x00000099fe3ff040
Event: 26.152 Thread 0x0000026350ae3090 DEOPT UNPACKING pc=0x0000026334467da2 sp=0x00000099fe3ff020 mode 2

Classes loaded (20 events):
Event: 24.582 Loading class java/util/AbstractListCustomizer
Event: 24.582 Loading class java/util/AbstractListCustomizer done
Event: 24.583 Loading class java/util/AbstractListCustomizer
Event: 24.583 Loading class java/util/AbstractListCustomizer done
Event: 24.586 Loading class java/util/ArrayListCustomizer
Event: 24.586 Loading class java/util/ArrayListCustomizer done
Event: 24.586 Loading class java/util/ArrayListCustomizer
Event: 24.586 Loading class java/util/ArrayListCustomizer done
Event: 24.608 Loading class java/lang/StringBeanInfo
Event: 24.608 Loading class java/lang/StringBeanInfo done
Event: 24.609 Loading class java/lang/StringBeanInfo
Event: 24.609 Loading class java/lang/StringBeanInfo done
Event: 24.609 Loading class java/lang/StringCustomizer
Event: 24.609 Loading class java/lang/StringCustomizer done
Event: 24.609 Loading class java/lang/StringCustomizer
Event: 24.609 Loading class java/lang/StringCustomizer done
Event: 25.874 Loading class sun/text/resources/cldr/FormatData_en_US
Event: 25.874 Loading class sun/text/resources/cldr/FormatData_en_US done
Event: 26.119 Loading class java/util/concurrent/Executors$DefaultThreadFactory
Event: 26.122 Loading class java/util/concurrent/Executors$DefaultThreadFactory done

Classes unloaded (0 events):
No events

Classes redefined (0 events):
No events

Internal exceptions (20 events):
Event: 24.496 Thread 0x00000263979fc740 Exception <a 'java/lang/ClassNotFoundException'{0x0000000608ae3bb8}: groovy/json/JsonSlurperCustomizer> (0x0000000608ae3bb8) 
thrown [s\open\src\hotspot\share\classfile\systemDictionary.cpp, line 312]
Event: 24.528 Thread 0x00000263979fc740 Exception <a 'java/lang/ClassNotFoundException'{0x0000000608bd91d0}: org/apache/groovy/json/internal/LazyMapBeanInfo> (0x0000000608bd91d0) 
thrown [s\open\src\hotspot\share\classfile\systemDictionary.cpp, line 312]
Event: 24.529 Thread 0x00000263979fc740 Exception <a 'java/lang/ClassNotFoundException'{0x0000000608bdf940}: java/util/AbstractMapBeanInfo> (0x0000000608bdf940) 
thrown [s\open\src\hotspot\share\classfile\systemDictionary.cpp, line 312]
Event: 24.529 Thread 0x00000263979fc740 Exception <a 'java/lang/ClassNotFoundException'{0x0000000608be60e8}: java/util/AbstractMapCustomizer> (0x0000000608be60e8) 
thrown [s\open\src\hotspot\share\classfile\systemDictionary.cpp, line 312]
Event: 24.532 Thread 0x00000263979fc740 Exception <a 'java/lang/ClassNotFoundException'{0x0000000608426668}: org/apache/groovy/json/internal/LazyMapCustomizer> (0x0000000608426668) 
thrown [s\open\src\hotspot\share\classfile\systemDictionary.cpp, line 312]
Event: 24.570 Thread 0x00000263979fc740 Exception <a 'java/lang/ClassNotFoundException'{0x0000000608614c40}: java/util/ArrayListBeanInfo> (0x0000000608614c40) 
thrown [s\open\src\hotspot\share\classfile\systemDictionary.cpp, line 312]
Event: 24.570 Thread 0x00000263979fc740 Exception <a 'java/lang/ClassNotFoundException'{0x000000060861b3c8}: java/util/AbstractListBeanInfo> (0x000000060861b3c8) 
thrown [s\open\src\hotspot\share\classfile\systemDictionary.cpp, line 312]
Event: 24.571 Thread 0x00000263979fc740 Exception <a 'java/lang/ClassNotFoundException'{0x0000000608621e80}: java/util/AbstractCollectionBeanInfo> (0x0000000608621e80) 
thrown [s\open\src\hotspot\share\classfile\systemDictionary.cpp, line 312]
Event: 24.571 Thread 0x00000263979fc740 Exception <a 'java/lang/ClassNotFoundException'{0x0000000608628670}: java/util/AbstractCollectionCustomizer> (0x0000000608628670) 
thrown [s\open\src\hotspot\share\classfile\systemDictionary.cpp, line 312]
Event: 24.583 Thread 0x00000263979fc740 Exception <a 'java/lang/ClassNotFoundException'{0x000000060863ef08}: java/util/AbstractListCustomizer> (0x000000060863ef08) 
thrown [s\open\src\hotspot\share\classfile\systemDictionary.cpp, line 312]
Event: 24.586 Thread 0x00000263979fc740 Exception <a 'java/lang/ClassNotFoundException'{0x0000000608671a68}: java/util/ArrayListCustomizer> (0x0000000608671a68) 
thrown [s\open\src\hotspot\share\classfile\systemDictionary.cpp, line 312]
Event: 24.609 Thread 0x00000263979fc740 Exception <a 'java/lang/ClassNotFoundException'{0x000000060801c1a8}: java/lang/StringBeanInfo> (0x000000060801c1a8) 
thrown [s\open\src\hotspot\share\classfile\systemDictionary.cpp, line 312]
Event: 24.609 Thread 0x00000263979fc740 Exception <a 'java/lang/ClassNotFoundException'{0x0000000608023650}: java/lang/StringCustomizer> (0x0000000608023650) 
thrown [s\open\src\hotspot\share\classfile\systemDictionary.cpp, line 312]
Event: 24.619 Thread 0x00000263979fc740 Exception <a 'java/lang/ClassNotFoundException'{0x00000006080e8328}: groovy/lang/GString$1BeanInfo> (0x00000006080e8328) 
thrown [s\open\src\hotspot\share\classfile\systemDictionary.cpp, line 312]
Event: 24.620 Thread 0x00000263979fc740 Exception <a 'java/lang/ClassNotFoundException'{0x00000006080fa478}: groovy/lang/GStringBeanInfo> (0x00000006080fa478) 
thrown [s\open\src\hotspot\share\classfile\systemDictionary.cpp, line 312]
Event: 24.621 Thread 0x00000263979fc740 Exception <a 'java/lang/ClassNotFoundException'{0x000000060810c598}: groovy/lang/GStringCustomizer> (0x000000060810c598) 
thrown [s\open\src\hotspot\share\classfile\systemDictionary.cpp, line 312]
Event: 24.626 Thread 0x00000263979fc740 Exception <a 'java/lang/ClassNotFoundException'{0x000000060812a910}: groovy/lang/GString$1Customizer> (0x000000060812a910) 
thrown [s\open\src\hotspot\share\classfile\systemDictionary.cpp, line 312]
Event: 24.667 Thread 0x00000263979fc740 Exception <a 'java/lang/ClassNotFoundException'{0x0000000608237df8}: org/codehaus/groovy/runtime/GStringImplBeanInfo> (0x0000000608237df8) 
thrown [s\open\src\hotspot\share\classfile\systemDictionary.cpp, line 312]
Event: 24.669 Thread 0x00000263979fc740 Exception <a 'java/lang/ClassNotFoundException'{0x000000060824a328}: org/codehaus/groovy/runtime/GStringImplCustomizer> (0x000000060824a328) 
thrown [s\open\src\hotspot\share\classfile\systemDictionary.cpp, line 312]
Event: 24.673 Thread 0x00000263979fc740 Exception <a 'java/lang/IncompatibleClassChangeError'{0x000000060826c7b8}: Found class java.lang.Object, but interface was expected> (0x000000060826c7b8) 
thrown [s\open\src\hotspot\share\interpreter\linkResolver.cpp, line 840]

ZGC Phase Switch (0 events):
No events

VM Operations (20 events):
Event: 23.881 Executing VM operation: HandshakeAllThreads (Deoptimize)
Event: 23.881 Executing VM operation: HandshakeAllThreads (Deoptimize) done
Event: 23.960 Executing VM operation: G1CollectForAllocation (G1 Evacuation Pause)
Event: 23.970 Executing VM operation: G1CollectForAllocation (G1 Evacuation Pause) done
Event: 24.175 Executing VM operation: HandshakeAllThreads (Deoptimize)
Event: 24.175 Executing VM operation: HandshakeAllThreads (Deoptimize) done
Event: 24.180 Executing VM operation: HandshakeAllThreads (Deoptimize)
Event: 24.180 Executing VM operation: HandshakeAllThreads (Deoptimize) done
Event: 24.192 Executing VM operation: HandshakeAllThreads (Deoptimize)
Event: 24.192 Executing VM operation: HandshakeAllThreads (Deoptimize) done
Event: 24.389 Executing VM operation: HandshakeAllThreads (Deoptimize)
Event: 24.389 Executing VM operation: HandshakeAllThreads (Deoptimize) done
Event: 24.501 Executing VM operation: HandshakeAllThreads (Deoptimize)
Event: 24.501 Executing VM operation: HandshakeAllThreads (Deoptimize) done
Event: 24.945 Executing VM operation: ICBufferFull
Event: 24.945 Executing VM operation: ICBufferFull done
Event: 25.204 Executing VM operation: G1CollectForAllocation (G1 Evacuation Pause)
Event: 25.220 Executing VM operation: G1CollectForAllocation (G1 Evacuation Pause) done
Event: 26.145 Executing VM operation: G1CollectForAllocation (G1 Evacuation Pause)
Event: 26.152 Executing VM operation: G1CollectForAllocation (G1 Evacuation Pause) done

Events (20 events):
Event: 23.477 Thread 0x0000026350ab2210 flushing nmethod 0x0000026324ab0b10
Event: 23.477 Thread 0x0000026350ab2210 flushing nmethod 0x0000026324ab2f90
Event: 23.477 Thread 0x0000026350ab2210 flushing nmethod 0x0000026324b21690
Event: 23.477 Thread 0x0000026350ab2210 flushing nmethod 0x0000026324b9a990
Event: 23.477 Thread 0x0000026350ab2210 flushing nmethod 0x0000026324ca3110
Event: 23.477 Thread 0x0000026350ab2210 flushing nmethod 0x0000026324ca5c10
Event: 23.477 Thread 0x0000026350ab2210 flushing nmethod 0x0000026324cc9010
Event: 23.477 Thread 0x0000026350ab2210 flushing nmethod 0x0000026324cc9410
Event: 23.477 Thread 0x0000026350ab2210 flushing nmethod 0x0000026324dd9f90
Event: 23.477 Thread 0x0000026350ab2210 flushing nmethod 0x0000026324ec8010
Event: 23.477 Thread 0x0000026350ab2210 flushing nmethod 0x0000026324f91910
Event: 23.477 Thread 0x0000026350ab2210 flushing nmethod 0x0000026324fb1610
Event: 23.477 Thread 0x0000026350ab2210 flushing nmethod 0x0000026325093790
Event: 23.477 Thread 0x0000026350ab2210 flushing nmethod 0x00000263250a7f90
Event: 23.477 Thread 0x0000026350ab2210 flushing nmethod 0x000002632521cf90
Event: 24.283 Thread 0x000002639b5b6860 Thread exited: 0x000002639b5b6860
Event: 24.382 Thread 0x000002639a27bc00 Thread added: 0x000002639a27bc00
Event: 24.402 Thread 0x000002639a27c290 Thread added: 0x000002639a27c290
Event: 24.678 Thread 0x00000263981adc70 Thread added: 0x00000263981adc70
Event: 25.125 Thread 0x00000263981adc70 Thread exited: 0x00000263981adc70


Dynamic libraries:
0x00007ff766dd0000 - 0x00007ff766de0000 	C:\Program Files\Java\jdk-21\bin\java.exe
0x00007ffe55e80000 - 0x00007ffe560e7000 	C:\WINDOWS\SYSTEM32\ntdll.dll
0x00007ffe55010000 - 0x00007ffe550d9000 	C:\WINDOWS\System32\KERNEL32.DLL
0x00007ffe533f0000 - 0x00007ffe537e1000 	C:\WINDOWS\System32\KERNELBASE.dll
0x00007ffe53ad0000 - 0x00007ffe53c1b000 	C:\WINDOWS\System32\ucrtbase.dll
0x00007ffe40270000 - 0x00007ffe40289000 	C:\Program Files\Java\jdk-21\bin\jli.dll
0x00007ffe3e570000 - 0x00007ffe3e58b000 	C:\Program Files\Java\jdk-21\bin\VCRUNTIME140.dll
0x00007ffe54430000 - 0x00007ffe544eb000 	C:\WINDOWS\System32\ADVAPI32.dll
0x00007ffe554c0000 - 0x00007ffe55569000 	C:\WINDOWS\System32\msvcrt.dll
0x00007ffe54b40000 - 0x00007ffe54be7000 	C:\WINDOWS\System32\sechost.dll
0x00007ffe54510000 - 0x00007ffe54628000 	C:\WINDOWS\System32\RPCRT4.dll
0x00007ffe54780000 - 0x00007ffe54945000 	C:\WINDOWS\System32\USER32.dll
0x00007ffe37920000 - 0x00007ffe37bb3000 	C:\WINDOWS\WinSxS\amd64_microsoft.windows.common-controls_6595b64144ccf1df_6.0.26100.8037_none_3e092faae333b53b\COMCTL32.dll
0x00007ffe538a0000 - 0x00007ffe538c7000 	C:\WINDOWS\System32\win32u.dll
0x00007ffe54400000 - 0x00007ffe5442b000 	C:\WINDOWS\System32\GDI32.dll
0x00007ffe528e0000 - 0x00007ffe52a0b000 	C:\WINDOWS\System32\gdi32full.dll
0x00007ffe53a20000 - 0x00007ffe53ac3000 	C:\WINDOWS\System32\msvcp_win.dll
0x00007ffe41f00000 - 0x00007ffe41f0b000 	C:\WINDOWS\SYSTEM32\VERSION.dll
0x00007ffe55bf0000 - 0x00007ffe55c21000 	C:\WINDOWS\System32\IMM32.DLL
0x00007ffe4f870000 - 0x00007ffe4f87c000 	C:\Program Files\Java\jdk-21\bin\vcruntime140_1.dll
0x00007ffde6d70000 - 0x00007ffde6dfe000 	C:\Program Files\Java\jdk-21\bin\msvcp140.dll
0x00007ffda0b60000 - 0x00007ffda187a000 	C:\Program Files\Java\jdk-21\bin\server\jvm.dll
0x00007ffe552e0000 - 0x00007ffe55354000 	C:\WINDOWS\System32\WS2_32.dll
0x00007ffe525c0000 - 0x00007ffe5261e000 	C:\WINDOWS\SYSTEM32\POWRPROF.dll
0x00007ffe46aa0000 - 0x00007ffe46ad5000 	C:\WINDOWS\SYSTEM32\WINMM.dll
0x00007ffe525a0000 - 0x00007ffe525b4000 	C:\WINDOWS\SYSTEM32\UMPDC.dll
0x00007ffe514c0000 - 0x00007ffe514db000 	C:\WINDOWS\SYSTEM32\kernel.appcore.dll
0x00007ffe2df30000 - 0x00007ffe2df3a000 	C:\Program Files\Java\jdk-21\bin\jimage.dll
0x00007ffe50280000 - 0x00007ffe504c2000 	C:\WINDOWS\SYSTEM32\DBGHELP.DLL
0x00007ffe54c00000 - 0x00007ffe54f82000 	C:\WINDOWS\System32\combase.dll
0x00007ffe546a0000 - 0x00007ffe54777000 	C:\WINDOWS\System32\OLEAUT32.dll
0x00007ffe36f20000 - 0x00007ffe36f5b000 	C:\WINDOWS\SYSTEM32\dbgcore.DLL
0x00007ffe537f0000 - 0x00007ffe53895000 	C:\WINDOWS\System32\bcryptPrimitives.dll
0x00007ffe2def0000 - 0x00007ffe2deff000 	C:\Program Files\Java\jdk-21\bin\instrument.dll
0x00007ffe16b10000 - 0x00007ffe16b2f000 	C:\Program Files\Java\jdk-21\bin\java.dll
0x00007ffe53c90000 - 0x00007ffe543ef000 	C:\WINDOWS\System32\SHELL32.dll
0x00007ffe52a10000 - 0x00007ffe52b7a000 	C:\WINDOWS\System32\wintypes.dll
0x00007ffe52b80000 - 0x00007ffe533e4000 	C:\WINDOWS\System32\windows.storage.dll
0x00007ffe55ac0000 - 0x00007ffe55bb7000 	C:\WINDOWS\System32\SHCORE.dll
0x00007ffe54630000 - 0x00007ffe54697000 	C:\WINDOWS\System32\shlwapi.dll
0x00007ffe52680000 - 0x00007ffe526a9000 	C:\WINDOWS\SYSTEM32\profapi.dll
0x00007ffde6830000 - 0x00007ffde6907000 	C:\Program Files\Java\jdk-21\bin\jsvml.dll
0x00007ffe131e0000 - 0x00007ffe131f8000 	C:\Program Files\Java\jdk-21\bin\zip.dll
0x00007ffe294b0000 - 0x00007ffe294c0000 	C:\Program Files\Java\jdk-21\bin\net.dll
0x00007ffe42380000 - 0x00007ffe424a7000 	C:\WINDOWS\SYSTEM32\WINHTTP.dll
0x00007ffe51a40000 - 0x00007ffe51aab000 	C:\WINDOWS\system32\mswsock.dll
0x00007ffe122b0000 - 0x00007ffe122c6000 	C:\Program Files\Java\jdk-21\bin\nio.dll
0x00007ffe1eb20000 - 0x00007ffe1eb30000 	C:\Program Files\Java\jdk-21\bin\verify.dll
0x00007ffe2df00000 - 0x00007ffe2df27000 	C:\Users\Dell\.gradle\native\c067742578af261105cb4f569cf0c3c89f3d7b1fecec35dd04571415982c5e48\windows-amd64\native-platform.dll
0x00007ffde5870000 - 0x00007ffde59b4000 	C:\Users\Dell\.gradle\native\100fb08df4bc3b14c8652ba06237920a3bd2aa13389f12d3474272988ae205f9\windows-amd64\native-platform-file-events.dll
0x00007ffe1b740000 - 0x00007ffe1b74a000 	C:\Program Files\Java\jdk-21\bin\management.dll
0x00007ffe1a020000 - 0x00007ffe1a02b000 	C:\Program Files\Java\jdk-21\bin\management_ext.dll
0x00007ffe54bf0000 - 0x00007ffe54bf8000 	C:\WINDOWS\System32\PSAPI.DLL
0x00007ffe51d50000 - 0x00007ffe51d6b000 	C:\WINDOWS\SYSTEM32\CRYPTSP.dll
0x00007ffe51420000 - 0x00007ffe51459000 	C:\WINDOWS\system32\rsaenh.dll
0x00007ffe51af0000 - 0x00007ffe51b22000 	C:\WINDOWS\SYSTEM32\USERENV.dll
0x00007ffe52650000 - 0x00007ffe5267a000 	C:\WINDOWS\SYSTEM32\bcrypt.dll
0x00007ffe51d40000 - 0x00007ffe51d4c000 	C:\WINDOWS\SYSTEM32\CRYPTBASE.dll
0x00007ffe50e90000 - 0x00007ffe50ec3000 	C:\WINDOWS\SYSTEM32\IPHLPAPI.DLL
0x00007ffe54b30000 - 0x00007ffe54b3a000 	C:\WINDOWS\System32\NSI.dll
0x00007ffe17a10000 - 0x00007ffe17a19000 	C:\Program Files\Java\jdk-21\bin\extnet.dll
0x00007ffe17920000 - 0x00007ffe1792e000 	C:\Program Files\Java\jdk-21\bin\sunmscapi.dll
0x00007ffe52760000 - 0x00007ffe528d7000 	C:\WINDOWS\System32\CRYPT32.dll
0x00007ffe51f60000 - 0x00007ffe51f90000 	C:\WINDOWS\SYSTEM32\ncrypt.dll
0x00007ffe51f10000 - 0x00007ffe51f4f000 	C:\WINDOWS\SYSTEM32\NTASN1.dll
0x00007ffe40e80000 - 0x00007ffe40e88000 	C:\WINDOWS\system32\wshunix.dll
0x00007ffe333e0000 - 0x00007ffe333f8000 	C:\WINDOWS\system32\napinsp.dll
0x00007ffe50ef0000 - 0x00007ffe5101a000 	C:\WINDOWS\SYSTEM32\DNSAPI.dll
0x00007ffe333c0000 - 0x00007ffe333d2000 	C:\WINDOWS\System32\winrnr.dll
0x00007ffe33390000 - 0x00007ffe333b2000 	C:\WINDOWS\system32\nlansp_c.dll
0x00007ffe3f030000 - 0x00007ffe3f046000 	C:\WINDOWS\system32\wshbth.dll
0x00007ffe40a40000 - 0x00007ffe40a4b000 	C:\Windows\System32\rasadhlp.dll
0x00007ffe488d0000 - 0x00007ffe48956000 	C:\WINDOWS\System32\fwpuclnt.dll

dbghelp: loaded successfully - version: 4.0.5 - missing functions: none
symbol engine: initialized successfully - sym options: 0x614 - pdb path: .;C:\Program Files\Java\jdk-21\bin;C:\WINDOWS\SYSTEM32;C:\WINDOWS\WinSxS\amd64_microsoft.windows.common-controls_6595b64144ccf1df_6.0.26100.8037_none_3e092faae333b53b;C:\Program Files\Java\jdk-21\bin\server;C:\Users\Dell\.gradle\native\c067742578af261105cb4f569cf0c3c89f3d7b1fecec35dd04571415982c5e48\windows-amd64;C:\Users\Dell\.gradle\native\100fb08df4bc3b14c8652ba06237920a3bd2aa13389f12d3474272988ae205f9\windows-amd64

VM Arguments:
jvm_args: -XX:MaxMetaspaceSize=4G -XX:ReservedCodeCacheSize=512m -XX:+HeapDumpOnOutOfMemoryError --add-opens=java.base/java.util=ALL-UNNAMED --add-opens=java.base/java.lang=ALL-UNNAMED --add-opens=java.base/java.lang.invoke=ALL-UNNAMED --add-opens=java.prefs/java.util.prefs=ALL-UNNAMED --add-exports=jdk.compiler/com.sun.tools.javac.api=ALL-UNNAMED --add-exports=jdk.compiler/com.sun.tools.javac.util=ALL-UNNAMED --add-opens=java.base/java.nio.charset=ALL-UNNAMED --add-opens=java.base/java.net=ALL-UNNAMED --add-opens=java.base/java.util.concurrent.atomic=ALL-UNNAMED -Xmx8G -Dfile.encoding=UTF-8 -Duser.country=IN -Duser.language=en -Duser.variant -javaagent:C:\Users\Dell\.gradle\wrapper\dists\gradle-8.10.2-all\7iv73wktx1xtkvlq19urqw1wm\gradle-8.10.2\lib\agents\gradle-instrumentation-agent-8.10.2.jar 
java_command: org.gradle.launcher.daemon.bootstrap.GradleDaemon 8.10.2
java_class_path (initial): C:\Users\Dell\.gradle\wrapper\dists\gradle-8.10.2-all\7iv73wktx1xtkvlq19urqw1wm\gradle-8.10.2\lib\gradle-daemon-main-8.10.2.jar
Launcher Type: SUN_STANDARD

[Global flags]
     intx CICompilerCount                          = 3                                         {product} {ergonomic}
     uint ConcGCThreads                            = 1                                         {product} {ergonomic}
     uint G1ConcRefinementThreads                  = 4                                         {product} {ergonomic}
   size_t G1HeapRegionSize                         = 4194304                                   {product} {ergonomic}
    uintx GCDrainStackTargetSize                   = 64                                        {product} {ergonomic}
     bool HeapDumpOnOutOfMemoryError               = true                                   {manageable} {command line}
   size_t InitialHeapSize                          = 130023424                                 {product} {ergonomic}
   size_t MarkStackSize                            = 4194304                                   {product} {ergonomic}
   size_t MaxHeapSize                              = 8589934592                                {product} {command line}
   size_t MaxMetaspaceSize                         = 4294967296                                {product} {command line}
   size_t MaxNewSize                               = 5150605312                                {product} {ergonomic}
   size_t MinHeapDeltaBytes                        = 4194304                                   {product} {ergonomic}
   size_t MinHeapSize                              = 8388608                                   {product} {ergonomic}
    uintx NonNMethodCodeHeapSize                   = 5832780                                {pd product} {ergonomic}
    uintx NonProfiledCodeHeapSize                  = 265519066                              {pd product} {ergonomic}
    uintx ProfiledCodeHeapSize                     = 265519066                              {pd product} {ergonomic}
    uintx ReservedCodeCacheSize                    = 536870912                              {pd product} {command line}
     bool SegmentedCodeCache                       = true                                      {product} {ergonomic}
   size_t SoftMaxHeapSize                          = 8589934592                             {manageable} {ergonomic}
     bool UseCompressedOops                        = true                           {product lp64_product} {ergonomic}
     bool UseG1GC                                  = true                                      {product} {ergonomic}
     bool UseLargePagesIndividualAllocation        = false                                  {pd product} {ergonomic}

Logging:
Log output configuration:
 #0: stdout all=warning uptime,level,tags foldmultilines=false
 #1: stderr all=off uptime,level,tags foldmultilines=false

Environment Variables:
CLASSPATH=C:\Users\Dell\Desktop\uploaded_fruitsense\integration_dd\fruitsense_mobile\android\\gradle\wrapper\gradle-wrapper.jar
PATH=C:\Users\Dell\AppData\Local\Programs\Microsoft VS Code;C:\Program Files (x86)\VMware\VMware Player\bin\;C:\Program Files\Common Files\Oracle\Java\javapath;C:\Python312\Scripts\;C:\Python312\;C:\WINDOWS\system32;C:\WINDOWS;C:\WINDOWS\System32\Wbem;C:\WINDOWS\System32\WindowsPowerShell\v1.0\;C:\WINDOWS\System32\OpenSSH\;C:\Program Files\Git\cmd;C:\Program Files\Git\mingw64\bin;C:\Program Files\Git\usr\bin;C:\terraform;C:\Users\Dell\eclipse-workspace\WebDriverTest;C:\Program Files (x86)\Microsoft SQL Server\160\Tools\Binn\;C:\Program Files\Microsoft SQL Server\160\Tools\Binn\;C:\Program Files\Microsoft SQL Server\Client SDK\ODBC\170\Tools\Binn\;C:\Program Files\Microsoft SQL Server\160\DTS\Binn\;C:\Program Files (x86)\Microsoft SQL Server\160\DTS\Binn\;C:\Program Files\Microsoft SQL Server\130\DTS\Binn\;C:\Program Files\Microsoft SQL Server\140\DTS\Binn\;C:\Program Files\Microsoft SQL Server\150\DTS\Binn\;C:\Program Files\nodejs\;C:\ProgramData\chocolatey\bin;C:\Program Files (x86)\Windows Kits\10\Windows Performance Toolkit\;C:\Program Files\Java\jdk-21\bin;C:\Users\Dell\AppData\Local\Microsoft\WindowsApps;C:\Users\Dell\AppData\Roaming\npm;C:\Users\Dell\AppData\Local\Programs\mongosh\;C:\flutter\flutter\bin;C:\scanner\sonar-scanner-7.2.0.5079-windows-x64\bin;C:\scanner\sonar-scanner-7.2.0.5079-windows-x64\bin;C:\Users\Dell\AppData\Local\Programs\Microsoft VS Code\bin
USERNAME=Dell
OS=Windows_NT
PROCESSOR_IDENTIFIER=Intel64 Family 6 Model 140 Stepping 1, GenuineIntel
TMP=C:\Users\Dell\AppData\Local\Temp
TEMP=C:\Users\Dell\AppData\Local\Temp




Periodic native trim disabled

---------------  S Y S T E M  ---------------

OS:
 Windows 11 , 64 bit Build 26100 (10.0.26100.7920)
OS uptime: 0 days 17:43 hours
Hyper-V role detected

CPU: total 4 (initial active 4) (2 cores per cpu, 2 threads per core) family 6 model 140 stepping 1 microcode 0xbc, cx8, cmov, fxsr, ht, mmx, 3dnowpref, sse, sse2, sse3, ssse3, sse4.1, sse4.2, popcnt, lzcnt, tsc, tscinvbit, avx, avx2, aes, erms, clmul, bmi1, bmi2, adx, avx512f, avx512dq, avx512cd, avx512bw, avx512vl, sha, fma, vzeroupper, avx512_vpopcntdq, avx512_vpclmulqdq, avx512_vaes, avx512_vnni, clflush, clflushopt, clwb, avx512_vbmi2, avx512_vbmi, hv, rdtscp, rdpid, fsrm, gfni, avx512_bitalg, f16c, cet_ibt, cet_ss, avx512_ifma
Processor Information for all 4 processors :
  Max Mhz: 2995, Current Mhz: 2995, Mhz Limit: 2995

Memory: 4k page, system-wide physical 7914M (679M free)
TotalPageFile size 16330M (AvailPageFile size 3M)
current process WorkingSet (physical memory assigned to process): 389M, peak: 389M
current process commit charge ("private bytes"): 420M, peak: 422M

vm_info: Java HotSpot(TM) 64-Bit Server VM (21.0.7+8-LTS-245) for windows-amd64 JRE (21.0.7+8-LTS-245), built on 2025-02-21T05:11:27Z by "mach5one" with MS VC++ 17.6 (VS2022)

END.
